<?xml version="1.0" encoding="UTF-8"?>
<!-- Generated by org.testng.reporters.JUnitXMLReporter -->
<testsuite ignored="0" hostname="ZSCHN01LP0174" failures="0" tests="3" name="Default test" time="6.832" errors="0" timestamp="2024-02-06T15:10:35 IST">
  <testcase classname="testScripts.PlaceOrderTest" name="addToCartTest" time="1.006"/>
  <testcase classname="testScripts.PlaceOrderTest" name="checkoutTest" time="0.185"/>
  <testcase classname="testScripts.PlaceOrderTest" name="checkoutFrom" time="1.028"/>
</testsuite> <!-- Default test -->
