<?xml version="1.0" encoding="UTF-8"?>
<testng-results ignored="0" total="3" passed="3" failed="0" skipped="0">
  <reporter-output>
  </reporter-output>
  <suite started-at="2024-02-06T15:10:28 IST" name="Default suite" finished-at="2024-02-06T15:10:35 IST" duration-ms="6832">
    <groups>
    </groups>
    <test started-at="2024-02-06T15:10:28 IST" name="Default test" finished-at="2024-02-06T15:10:35 IST" duration-ms="6832">
      <class name="testScripts.PlaceOrderTest">
        <test-method is-config="true" signature="setup()[pri:0, instance:testScripts.PlaceOrderTest@d71adc2]" started-at="2024-02-06T15:10:28 IST" name="setup" finished-at="2024-02-06T15:10:33 IST" duration-ms="4570" status="PASS">
          <reporter-output>
          </reporter-output>
        </test-method> <!-- setup -->
        <test-method signature="addToCartTest()[pri:1, instance:testScripts.PlaceOrderTest@d71adc2]" started-at="2024-02-06T15:10:33 IST" name="addToCartTest" finished-at="2024-02-06T15:10:34 IST" duration-ms="1006" status="PASS">
          <reporter-output>
          </reporter-output>
        </test-method> <!-- addToCartTest -->
        <test-method signature="checkoutTest()[pri:2, instance:testScripts.PlaceOrderTest@d71adc2]" started-at="2024-02-06T15:10:34 IST" name="checkoutTest" finished-at="2024-02-06T15:10:34 IST" duration-ms="185" status="PASS">
          <reporter-output>
          </reporter-output>
        </test-method> <!-- checkoutTest -->
        <test-method signature="checkoutFrom()[pri:3, instance:testScripts.PlaceOrderTest@d71adc2]" started-at="2024-02-06T15:10:34 IST" name="checkoutFrom" finished-at="2024-02-06T15:10:35 IST" duration-ms="1028" status="PASS">
          <reporter-output>
          </reporter-output>
        </test-method> <!-- checkoutFrom -->
      </class> <!-- testScripts.PlaceOrderTest -->
    </test> <!-- Default test -->
  </suite> <!-- Default suite -->
</testng-results>
